#
# There is insufficient memory for the Java Runtime Environment to continue.
# Native memory allocation (malloc) failed to allocate 1213456 bytes for Chunk::new
# Possible reasons:
#   The system is out of physical RAM or swap space
#   The process is running with CompressedOops enabled, and the Java Heap may be blocking the growth of the native heap
# Possible solutions:
#   Reduce memory load on the system
#   Increase physical memory or swap space
#   Check if swap backing store is full
#   Decrease Java heap size (-Xmx/-Xms)
#   Decrease number of Java threads
#   Decrease Java thread stack sizes (-Xss)
#   Set larger code cache with -XX:ReservedCodeCacheSize=
#   JVM is running with Unscaled Compressed Oops mode in which the Java heap is
#     placed in the first 4GB address space. The Java Heap base address is the
#     maximum limit for the native heap growth. Please use -XX:HeapBaseMinAddress
#     to set the Java Heap base and to place the Java Heap above 4GB virtual address.
# This output file may be truncated or incomplete.
#
#  Out of Memory Error (arena.cpp:189), pid=10780, tid=6760
#
# JRE version: OpenJDK Runtime Environment Temurin-17.0.6+10 (17.0.6+10) (build 17.0.6+10)
# Java VM: OpenJDK 64-Bit Server VM Temurin-17.0.6+10 (17.0.6+10, mixed mode, tiered, compressed oops, compressed class ptrs, g1 gc, windows-amd64)
# No core dump will be written. Minidumps are not enabled by default on client versions of Windows
#

---------------  S U M M A R Y ------------

Command Line: -XX:+ShowCodeDetailsInExceptionMessages infinity_springboot.demo.DemoApplication

Host: Intel(R) Core(TM) i5-9500 CPU @ 3.00GHz, 6 cores, 7G,  Windows 10 , 64 bit Build 19041 (10.0.19041.2546)
Time: Thu Mar  2 20:47:32 2023 Hora oficial do Brasil elapsed time: 7.051176 seconds (0d 0h 0m 7s)

---------------  T H R E A D  ---------------

Current thread (0x0000017fb49217b0):  JavaThread "C2 CompilerThread0" daemon [_thread_in_native, id=6760, stack(0x0000005613500000,0x0000005613600000)]


Current CompileTask:
C2:   7051 4987       4       java.lang.invoke.MethodType::makeImpl (109 bytes)

Stack: [0x0000005613500000,0x0000005613600000]
Native frames: (J=compiled Java code, j=interpreted, Vv=VM code, C=native code)
V  [jvm.dll+0x67741a]
V  [jvm.dll+0x834434]
V  [jvm.dll+0x835bde]
V  [jvm.dll+0x836243]
V  [jvm.dll+0x2457b5]
V  [jvm.dll+0xabafc]
V  [jvm.dll+0xac0cc]
V  [jvm.dll+0x363492]
V  [jvm.dll+0x32dda1]
V  [jvm.dll+0x32d24a]
V  [jvm.dll+0x2185f1]
V  [jvm.dll+0x217a11]
V  [jvm.dll+0x1a3d0d]
V  [jvm.dll+0x22742a]
V  [jvm.dll+0x225565]
V  [jvm.dll+0x7ea2cb]
V  [jvm.dll+0x7e483a]
V  [jvm.dll+0x6762c5]
C  [ucrtbase.dll+0x21bb2]
C  [KERNEL32.dll+0x17614]
C  [ntdll.dll+0x526a1]


---------------  P R O C E S S  ---------------

Threads class SMR info:
_java_thread_list=0x0000017fb60a7cb0, length=31, elements={
0x0000017fb3f70740, 0x0000017fb3f71890, 0x0000017fb3f9ce20, 0x0000017fb3f9d6e0,
0x0000017fb3f9dfa0, 0x0000017fb3f9e860, 0x0000017fb49217b0, 0x0000017fb4922850,
0x0000017fb4925c70, 0x0000017fb4a9cf70, 0x0000017fb4aa2e20, 0x0000017fb61c38e0,
0x0000017fb7fa9550, 0x0000017fb87ce7d0, 0x0000017fb968f040, 0x0000017fb968f510,
0x0000017fb5c94890, 0x0000017fb5c95700, 0x0000017fb5c96570, 0x0000017fb5c93ef0,
0x0000017fb5c93080, 0x0000017fb5c93550, 0x0000017fbb764370, 0x0000017fbb767390,
0x0000017fbb769070, 0x0000017fbb767d30, 0x0000017fbb7651e0, 0x0000017fbb766520,
0x0000017fbb76a3b0, 0x0000017fbb7656b0, 0x0000017fb4b0e150
}

Java Threads: ( => current thread )
  0x0000017fb3f70740 JavaThread "Reference Handler" daemon [_thread_blocked, id=8960, stack(0x0000005612f00000,0x0000005613000000)]
  0x0000017fb3f71890 JavaThread "Finalizer" daemon [_thread_blocked, id=14420, stack(0x0000005613000000,0x0000005613100000)]
  0x0000017fb3f9ce20 JavaThread "Signal Dispatcher" daemon [_thread_blocked, id=6932, stack(0x0000005613100000,0x0000005613200000)]
  0x0000017fb3f9d6e0 JavaThread "Attach Listener" daemon [_thread_blocked, id=6592, stack(0x0000005613200000,0x0000005613300000)]
  0x0000017fb3f9dfa0 JavaThread "Service Thread" daemon [_thread_blocked, id=14668, stack(0x0000005613300000,0x0000005613400000)]
  0x0000017fb3f9e860 JavaThread "Monitor Deflation Thread" daemon [_thread_blocked, id=9576, stack(0x0000005613400000,0x0000005613500000)]
=>0x0000017fb49217b0 JavaThread "C2 CompilerThread0" daemon [_thread_in_native, id=6760, stack(0x0000005613500000,0x0000005613600000)]
  0x0000017fb4922850 JavaThread "C1 CompilerThread0" daemon [_thread_blocked, id=8888, stack(0x0000005613600000,0x0000005613700000)]
  0x0000017fb4925c70 JavaThread "Sweeper thread" daemon [_thread_blocked, id=3428, stack(0x0000005613700000,0x0000005613800000)]
  0x0000017fb4a9cf70 JavaThread "Notification Thread" daemon [_thread_blocked, id=14304, stack(0x0000005613800000,0x0000005613900000)]
  0x0000017fb4aa2e20 JavaThread "Common-Cleaner" daemon [_thread_blocked, id=4476, stack(0x0000005613a00000,0x0000005613b00000)]
  0x0000017fb61c38e0 JavaThread "mysql-cj-abandoned-connection-cleanup" daemon [_thread_blocked, id=9684, stack(0x0000005614000000,0x0000005614100000)]
  0x0000017fb7fa9550 JavaThread "HikariPool-1 housekeeper" daemon [_thread_blocked, id=1412, stack(0x0000005614300000,0x0000005614400000)]
  0x0000017fb87ce7d0 JavaThread "Catalina-utility-1" [_thread_blocked, id=2948, stack(0x0000005614400000,0x0000005614500000)]
  0x0000017fb968f040 JavaThread "Catalina-utility-2" [_thread_blocked, id=13912, stack(0x0000005614500000,0x0000005614600000)]
  0x0000017fb968f510 JavaThread "container-0" [_thread_blocked, id=14132, stack(0x0000005614600000,0x0000005614700000)]
  0x0000017fb5c94890 JavaThread "HikariPool-1 connection adder" daemon [_thread_blocked, id=6096, stack(0x0000005614700000,0x0000005614800000)]
  0x0000017fb5c95700 JavaThread "http-nio-8080-exec-1" daemon [_thread_blocked, id=7444, stack(0x0000005614800000,0x0000005614900000)]
  0x0000017fb5c96570 JavaThread "http-nio-8080-exec-2" daemon [_thread_blocked, id=4044, stack(0x0000005614900000,0x0000005614a00000)]
  0x0000017fb5c93ef0 JavaThread "http-nio-8080-exec-3" daemon [_thread_blocked, id=10276, stack(0x0000005614a00000,0x0000005614b00000)]
  0x0000017fb5c93080 JavaThread "http-nio-8080-exec-4" daemon [_thread_blocked, id=6988, stack(0x0000005614b00000,0x0000005614c00000)]
  0x0000017fb5c93550 JavaThread "http-nio-8080-exec-5" daemon [_thread_blocked, id=7328, stack(0x0000005614c00000,0x0000005614d00000)]
  0x0000017fbb764370 JavaThread "http-nio-8080-exec-6" daemon [_thread_blocked, id=10648, stack(0x0000005614d00000,0x0000005614e00000)]
  0x0000017fbb767390 JavaThread "http-nio-8080-exec-7" daemon [_thread_blocked, id=13988, stack(0x0000005614e00000,0x0000005614f00000)]
  0x0000017fbb769070 JavaThread "http-nio-8080-exec-8" daemon [_thread_blocked, id=6736, stack(0x0000005614f00000,0x0000005615000000)]
  0x0000017fbb767d30 JavaThread "http-nio-8080-exec-9" daemon [_thread_blocked, id=11864, stack(0x0000005615000000,0x0000005615100000)]
  0x0000017fbb7651e0 JavaThread "http-nio-8080-exec-10" daemon [_thread_blocked, id=14296, stack(0x0000005615100000,0x0000005615200000)]
  0x0000017fbb766520 JavaThread "http-nio-8080-Poller" daemon [_thread_in_native, id=5776, stack(0x0000005615200000,0x0000005615300000)]
  0x0000017fbb76a3b0 JavaThread "http-nio-8080-Acceptor" daemon [_thread_in_native, id=11440, stack(0x0000005615300000,0x0000005615400000)]
  0x0000017fbb7656b0 JavaThread "DestroyJavaVM" [_thread_blocked, id=9264, stack(0x0000005612800000,0x0000005612900000)]
  0x0000017fb4b0e150 JavaThread "C2 CompilerThread1" daemon [_thread_in_native, id=11456, stack(0x0000005613b00000,0x0000005613c00000)]

Other Threads:
  0x0000017fb3f46f90 VMThread "VM Thread" [stack: 0x0000005612e00000,0x0000005612f00000] [id=10144]
  0x0000017f98e23cf0 WatcherThread [stack: 0x0000005613900000,0x0000005613a00000] [id=9032]
  0x0000017f98e07fd0 GCTaskThread "GC Thread#0" [stack: 0x0000005612900000,0x0000005612a00000] [id=9112]
  0x0000017fb573f010 GCTaskThread "GC Thread#1" [stack: 0x0000005613c00000,0x0000005613d00000] [id=1868]
  0x0000017fb573f2c0 GCTaskThread "GC Thread#2" [stack: 0x0000005613d00000,0x0000005613e00000] [id=14452]
  0x0000017fb546ba80 GCTaskThread "GC Thread#3" [stack: 0x0000005613e00000,0x0000005613f00000] [id=8112]
  0x0000017fb546bd30 GCTaskThread "GC Thread#4" [stack: 0x0000005613f00000,0x0000005614000000] [id=9740]
  0x0000017fb584aba0 GCTaskThread "GC Thread#5" [stack: 0x0000005614100000,0x0000005614200000] [id=2068]
  0x0000017f98e18950 ConcurrentGCThread "G1 Main Marker" [stack: 0x0000005612a00000,0x0000005612b00000] [id=1884]
  0x0000017f98e19360 ConcurrentGCThread "G1 Conc#0" [stack: 0x0000005612b00000,0x0000005612c00000] [id=7868]
  0x0000017fb5de6ca0 ConcurrentGCThread "G1 Conc#1" [stack: 0x0000005614200000,0x0000005614300000] [id=13072]
  0x0000017f98e67d70 ConcurrentGCThread "G1 Refine#0" [stack: 0x0000005612c00000,0x0000005612d00000] [id=1364]
  0x0000017f98e68790 ConcurrentGCThread "G1 Service" [stack: 0x0000005612d00000,0x0000005612e00000] [id=4348]

Threads with active compile tasks:
C2 CompilerThread0     7095 4987       4       java.lang.invoke.MethodType::makeImpl (109 bytes)
C2 CompilerThread1     7095 4990       4       org.springframework.core.annotation.TypeMappedAnnotations::scan (66 bytes)

VM state: not at safepoint (normal execution)

VM Mutex/Monitor currently owned by a thread: None

Heap address: 0x0000000082e00000, size: 2002 MB, Compressed Oops mode: 32-bit

CDS archive(s) not mapped
Compressed class space mapped at: 0x0000000100000000-0x0000000140000000, reserved size: 1073741824
Narrow klass base: 0x0000000000000000, Narrow klass shift: 3, Narrow klass range: 0x140000000

GC Precious Log:
 CPUs: 6 total, 6 available
 Memory: 8001M
 Large Page Support: Disabled
 NUMA Support: Disabled
 Compressed Oops: Enabled (32-bit)
 Heap Region Size: 1M
 Heap Min Capacity: 8M
 Heap Initial Capacity: 126M
 Heap Max Capacity: 2002M
 Pre-touch: Disabled
 Parallel Workers: 6
 Concurrent Workers: 2
 Concurrent Refinement Workers: 6
 Periodic GC: Disabled

Heap:
 garbage-first heap   total 70656K, used 32587K [0x0000000082e00000, 0x0000000100000000)
  region size 1024K, 12 young (12288K), 4 survivors (4096K)
 Metaspace       used 68322K, committed 68800K, reserved 1114112K
  class space    used 9052K, committed 9280K, reserved 1048576K

Heap Regions: E=young(eden), S=young(survivor), O=old, HS=humongous(starts), HC=humongous(continues), CS=collection set, F=free, OA=open archive, CA=closed archive, TAMS=top-at-mark-start (previous, next)
|   0|0x0000000082e00000, 0x0000000082f00000, 0x0000000082f00000|100%|HS|  |TAMS 0x0000000082f00000, 0x0000000082e00000| Complete 
|   1|0x0000000082f00000, 0x0000000083000000, 0x0000000083000000|100%| O|  |TAMS 0x0000000083000000, 0x0000000082f00000| Untracked 
|   2|0x0000000083000000, 0x0000000083100000, 0x0000000083100000|100%| O|  |TAMS 0x0000000083100000, 0x0000000083000000| Untracked 
|   3|0x0000000083100000, 0x0000000083200000, 0x0000000083200000|100%| O|  |TAMS 0x0000000083200000, 0x0000000083100000| Untracked 
|   4|0x0000000083200000, 0x0000000083300000, 0x0000000083300000|100%| O|  |TAMS 0x0000000083300000, 0x0000000083200000| Untracked 
|   5|0x0000000083300000, 0x0000000083400000, 0x0000000083400000|100%| O|  |TAMS 0x0000000083400000, 0x0000000083300000| Untracked 
|   6|0x0000000083400000, 0x0000000083500000, 0x0000000083500000|100%| O|  |TAMS 0x0000000083500000, 0x0000000083400000| Untracked 
|   7|0x0000000083500000, 0x0000000083600000, 0x0000000083600000|100%| O|  |TAMS 0x0000000083600000, 0x0000000083500000| Untracked 
|   8|0x0000000083600000, 0x0000000083700000, 0x0000000083700000|100%| O|  |TAMS 0x0000000083700000, 0x0000000083600000| Untracked 
|   9|0x0000000083700000, 0x0000000083800000, 0x0000000083800000|100%| O|  |TAMS 0x0000000083800000, 0x0000000083700000| Untracked 
|  10|0x0000000083800000, 0x00000000838dd400, 0x0000000083900000| 86%| O|  |TAMS 0x00000000838dd400, 0x0000000083800000| Untracked 
|  11|0x0000000083900000, 0x0000000083a00000, 0x0000000083a00000|100%| O|  |TAMS 0x0000000083a00000, 0x0000000083900000| Untracked 
|  12|0x0000000083a00000, 0x0000000083b00000, 0x0000000083b00000|100%| O|  |TAMS 0x0000000083b00000, 0x0000000083a00000| Untracked 
|  13|0x0000000083b00000, 0x0000000083c00000, 0x0000000083c00000|100%| O|  |TAMS 0x0000000083c00000, 0x0000000083b00000| Untracked 
|  14|0x0000000083c00000, 0x0000000083d00000, 0x0000000083d00000|100%| O|  |TAMS 0x0000000083d00000, 0x0000000083c00000| Untracked 
|  15|0x0000000083d00000, 0x0000000083e00000, 0x0000000083e00000|100%| O|  |TAMS 0x0000000083e00000, 0x0000000083d00000| Untracked 
|  16|0x0000000083e00000, 0x0000000083f00000, 0x0000000083f00000|100%| O|  |TAMS 0x0000000083f00000, 0x0000000083e00000| Untracked 
|  17|0x0000000083f00000, 0x0000000084000000, 0x0000000084000000|100%| O|  |TAMS 0x0000000083fc5400, 0x0000000083f00000| Untracked 
|  18|0x0000000084000000, 0x0000000084100000, 0x0000000084100000|100%| O|  |TAMS 0x0000000084000000, 0x0000000084000000| Untracked 
|  19|0x0000000084100000, 0x0000000084200000, 0x0000000084200000|100%| O|  |TAMS 0x0000000084100000, 0x0000000084100000| Untracked 
|  20|0x0000000084200000, 0x0000000084300000, 0x0000000084300000|100%| O|  |TAMS 0x0000000084200000, 0x0000000084200000| Untracked 
|  21|0x0000000084300000, 0x00000000843f5800, 0x0000000084400000| 95%| O|  |TAMS 0x0000000084300000, 0x0000000084300000| Untracked 
|  22|0x0000000084400000, 0x0000000084400000, 0x0000000084500000|  0%| F|  |TAMS 0x0000000084400000, 0x0000000084400000| Untracked 
|  23|0x0000000084500000, 0x0000000084500000, 0x0000000084600000|  0%| F|  |TAMS 0x0000000084500000, 0x0000000084500000| Untracked 
|  24|0x0000000084600000, 0x0000000084600000, 0x0000000084700000|  0%| F|  |TAMS 0x0000000084600000, 0x0000000084600000| Untracked 
|  25|0x0000000084700000, 0x0000000084700000, 0x0000000084800000|  0%| F|  |TAMS 0x0000000084700000, 0x0000000084700000| Untracked 
|  26|0x0000000084800000, 0x0000000084800000, 0x0000000084900000|  0%| F|  |TAMS 0x0000000084800000, 0x0000000084800000| Untracked 
|  27|0x0000000084900000, 0x0000000084900000, 0x0000000084a00000|  0%| F|  |TAMS 0x0000000084900000, 0x0000000084900000| Untracked 
|  28|0x0000000084a00000, 0x0000000084a00000, 0x0000000084b00000|  0%| F|  |TAMS 0x0000000084a00000, 0x0000000084a00000| Untracked 
|  29|0x0000000084b00000, 0x0000000084b00000, 0x0000000084c00000|  0%| F|  |TAMS 0x0000000084b00000, 0x0000000084b00000| Untracked 
|  30|0x0000000084c00000, 0x0000000084c00000, 0x0000000084d00000|  0%| F|  |TAMS 0x0000000084c00000, 0x0000000084c00000| Untracked 
|  31|0x0000000084d00000, 0x0000000084d00000, 0x0000000084e00000|  0%| F|  |TAMS 0x0000000084d00000, 0x0000000084d00000| Untracked 
|  32|0x0000000084e00000, 0x0000000084f00000, 0x0000000084f00000|100%| S|CS|TAMS 0x0000000084e00000, 0x0000000084e00000| Complete 
|  33|0x0000000084f00000, 0x0000000085000000, 0x0000000085000000|100%| S|CS|TAMS 0x0000000084f00000, 0x0000000084f00000| Complete 
|  34|0x0000000085000000, 0x0000000085100000, 0x0000000085100000|100%| S|CS|TAMS 0x0000000085000000, 0x0000000085000000| Complete 
|  35|0x0000000085100000, 0x0000000085200000, 0x0000000085200000|100%| S|CS|TAMS 0x0000000085100000, 0x0000000085100000| Complete 
|  36|0x0000000085200000, 0x0000000085200000, 0x0000000085300000|  0%| F|  |TAMS 0x0000000085200000, 0x0000000085200000| Untracked 
|  37|0x0000000085300000, 0x0000000085300000, 0x0000000085400000|  0%| F|  |TAMS 0x0000000085300000, 0x0000000085300000| Untracked 
|  38|0x0000000085400000, 0x0000000085400000, 0x0000000085500000|  0%| F|  |TAMS 0x0000000085400000, 0x0000000085400000| Untracked 
|  39|0x0000000085500000, 0x0000000085500000, 0x0000000085600000|  0%| F|  |TAMS 0x0000000085500000, 0x0000000085500000| Untracked 
|  40|0x0000000085600000, 0x0000000085600000, 0x0000000085700000|  0%| F|  |TAMS 0x0000000085600000, 0x0000000085600000| Untracked 
|  41|0x0000000085700000, 0x0000000085700000, 0x0000000085800000|  0%| F|  |TAMS 0x0000000085700000, 0x0000000085700000| Untracked 
|  42|0x0000000085800000, 0x0000000085800000, 0x0000000085900000|  0%| F|  |TAMS 0x0000000085800000, 0x0000000085800000| Untracked 
|  43|0x0000000085900000, 0x0000000085900000, 0x0000000085a00000|  0%| F|  |TAMS 0x0000000085900000, 0x0000000085900000| Untracked 
|  44|0x0000000085a00000, 0x0000000085a00000, 0x0000000085b00000|  0%| F|  |TAMS 0x0000000085a00000, 0x0000000085a00000| Untracked 
|  45|0x0000000085b00000, 0x0000000085b00000, 0x0000000085c00000|  0%| F|  |TAMS 0x0000000085b00000, 0x0000000085b00000| Untracked 
|  46|0x0000000085c00000, 0x0000000085c00000, 0x0000000085d00000|  0%| F|  |TAMS 0x0000000085c00000, 0x0000000085c00000| Untracked 
|  47|0x0000000085d00000, 0x0000000085d00000, 0x0000000085e00000|  0%| F|  |TAMS 0x0000000085d00000, 0x0000000085d00000| Untracked 
|  48|0x0000000085e00000, 0x0000000085e00000, 0x0000000085f00000|  0%| F|  |TAMS 0x0000000085e00000, 0x0000000085e00000| Untracked 
|  49|0x0000000085f00000, 0x0000000085f00000, 0x0000000086000000|  0%| F|  |TAMS 0x0000000085f00000, 0x0000000085f00000| Untracked 
|  50|0x0000000086000000, 0x0000000086000000, 0x0000000086100000|  0%| F|  |TAMS 0x0000000086000000, 0x0000000086000000| Untracked 
|  51|0x0000000086100000, 0x0000000086100000, 0x0000000086200000|  0%| F|  |TAMS 0x0000000086100000, 0x0000000086100000| Untracked 
|  52|0x0000000086200000, 0x0000000086200000, 0x0000000086300000|  0%| F|  |TAMS 0x0000000086200000, 0x0000000086200000| Untracked 
|  53|0x0000000086300000, 0x0000000086300000, 0x0000000086400000|  0%| F|  |TAMS 0x0000000086300000, 0x0000000086300000| Untracked 
|  54|0x0000000086400000, 0x0000000086400000, 0x0000000086500000|  0%| F|  |TAMS 0x0000000086400000, 0x0000000086400000| Untracked 
|  55|0x0000000086500000, 0x0000000086500000, 0x0000000086600000|  0%| F|  |TAMS 0x0000000086500000, 0x0000000086500000| Untracked 
|  56|0x0000000086600000, 0x0000000086600000, 0x0000000086700000|  0%| F|  |TAMS 0x0000000086600000, 0x0000000086600000| Untracked 
|  57|0x0000000086700000, 0x0000000086700000, 0x0000000086800000|  0%| F|  |TAMS 0x0000000086700000, 0x0000000086700000| Untracked 
|  58|0x0000000086800000, 0x0000000086800000, 0x0000000086900000|  0%| F|  |TAMS 0x0000000086800000, 0x0000000086800000| Untracked 
|  59|0x0000000086900000, 0x0000000086900000, 0x0000000086a00000|  0%| F|  |TAMS 0x0000000086900000, 0x0000000086900000| Untracked 
|  60|0x0000000086a00000, 0x0000000086a00000, 0x0000000086b00000|  0%| F|  |TAMS 0x0000000086a00000, 0x0000000086a00000| Untracked 
|  61|0x0000000086b00000, 0x0000000086c00000, 0x0000000086c00000|100%| E|  |TAMS 0x0000000086b00000, 0x0000000086b00000| Complete 
|  62|0x0000000086c00000, 0x0000000086d00000, 0x0000000086d00000|100%| E|CS|TAMS 0x0000000086c00000, 0x0000000086c00000| Complete 
|  63|0x0000000086d00000, 0x0000000086e00000, 0x0000000086e00000|100%| E|CS|TAMS 0x0000000086d00000, 0x0000000086d00000| Complete 
|  64|0x0000000086e00000, 0x0000000086f00000, 0x0000000086f00000|100%| E|CS|TAMS 0x0000000086e00000, 0x0000000086e00000| Complete 
|  65|0x0000000086f00000, 0x0000000087000000, 0x0000000087000000|100%| E|  |TAMS 0x0000000086f00000, 0x0000000086f00000| Complete 
|  66|0x0000000087000000, 0x0000000087100000, 0x0000000087100000|100%| E|CS|TAMS 0x0000000087000000, 0x0000000087000000| Complete 
|  67|0x0000000087100000, 0x0000000087200000, 0x0000000087200000|100%| E|CS|TAMS 0x0000000087100000, 0x0000000087100000| Complete 
| 125|0x000000008ab00000, 0x000000008ac00000, 0x000000008ac00000|100%| E|CS|TAMS 0x000000008ab00000, 0x000000008ab00000| Complete 

Card table byte_map: [0x0000017fad030000,0x0000017fad420000] _byte_map_base: 0x0000017facc19000

Marking Bits (Prev, Next): (CMBitMap*) 0x0000017f98e08620, (CMBitMap*) 0x0000017f98e085e0
 Prev Bits: [0x0000017faf760000, 0x0000017fb16a8000)
 Next Bits: [0x0000017fad810000, 0x0000017faf758000)

Polling page: 0x0000017f98d50000

Metaspace:

Usage:
  Non-class:     57.88 MB used.
      Class:      8.84 MB used.
       Both:     66.72 MB used.

Virtual space:
  Non-class space:       64.00 MB reserved,      58.12 MB ( 91%) committed,  8 nodes.
      Class space:        1.00 GB reserved,       9.06 MB ( <1%) committed,  1 nodes.
             Both:        1.06 GB reserved,      67.19 MB (  6%) committed. 

Chunk freelists:
   Non-Class:  1.50 MB
       Class:  2.92 MB
        Both:  4.42 MB

MaxMetaspaceSize: unlimited
CompressedClassSpaceSize: 1.00 GB
Initial GC threshold: 21.00 MB
Current GC threshold: 98.75 MB
CDS: off
MetaspaceReclaimPolicy: balanced
 - commit_granule_bytes: 65536.
 - commit_granule_words: 8192.
 - virtual_space_node_default_size: 1048576.
 - enlarge_chunks_in_place: 1.
 - new_chunks_are_fully_committed: 0.
 - uncommit_free_chunks: 1.
 - use_allocation_guard: 0.
 - handle_deallocations: 1.


Internal statistics:

num_allocs_failed_limit: 9.
num_arena_births: 648.
num_arena_deaths: 0.
num_vsnodes_births: 9.
num_vsnodes_deaths: 0.
num_space_committed: 1075.
num_space_uncommitted: 0.
num_chunks_returned_to_freelist: 9.
num_chunks_taken_from_freelist: 2825.
num_chunk_merges: 9.
num_chunk_splits: 2110.
num_chunks_enlarged: 1705.
num_purges: 0.
num_inconsistent_stats: 0.

CodeHeap 'non-profiled nmethods': size=120000Kb used=2900Kb max_used=3271Kb free=117099Kb
 bounds [0x0000017fa4ec0000, 0x0000017fa5210000, 0x0000017fac3f0000]
CodeHeap 'profiled nmethods': size=120000Kb used=7659Kb max_used=9615Kb free=112340Kb
 bounds [0x0000017f9d3f0000, 0x0000017f9dd60000, 0x0000017fa4920000]
CodeHeap 'non-nmethods': size=5760Kb used=1335Kb max_used=1405Kb free=4424Kb
 bounds [0x0000017fa4920000, 0x0000017fa4b90000, 0x0000017fa4ec0000]
 total_blobs=4916 nmethods=4250 adapters=578
 compilation: enabled
              stopped_count=0, restarted_count=0
 full_count=0

Compilation events (20 events):
Event: 7.006 Thread 0x0000017fb4922850 5017       1       com.fasterxml.jackson.databind.type.SimpleType::isContainerType (2 bytes)
Event: 7.006 Thread 0x0000017fb4922850 nmethod 5017 0x0000017fa4f4f010 code [0x0000017fa4f4f1a0, 0x0000017fa4f4f278]
Event: 7.006 Thread 0x0000017fb4922850 5018       1       com.fasterxml.jackson.databind.introspect.AnnotatedParameter::getOwner (5 bytes)
Event: 7.006 Thread 0x0000017fb4922850 nmethod 5018 0x0000017fa505f090 code [0x0000017fa505f220, 0x0000017fa505f2f8]
Event: 7.006 Thread 0x0000017fb4922850 5019       1       com.fasterxml.jackson.databind.util.internal.PrivateMaxEntriesMap$Node::getPrevious (5 bytes)
Event: 7.006 Thread 0x0000017fb4922850 nmethod 5019 0x0000017fa505ed90 code [0x0000017fa505ef20, 0x0000017fa505eff8]
Event: 7.009 Thread 0x0000017fb4922850 5020       1       com.fasterxml.jackson.databind.util.internal.PrivateMaxEntriesMap$Node::getNext (5 bytes)
Event: 7.009 Thread 0x0000017fb4922850 nmethod 5020 0x0000017fa505ea90 code [0x0000017fa505ec20, 0x0000017fa505ecf8]
Event: 7.009 Thread 0x0000017fb4922850 5021       1       com.fasterxml.jackson.databind.util.internal.PrivateMaxEntriesMap$Node::setNext (6 bytes)
Event: 7.009 Thread 0x0000017fb4922850 nmethod 5021 0x0000017fa505e790 code [0x0000017fa505e920, 0x0000017fa505ea38]
Event: 7.009 Thread 0x0000017fb4922850 5022       1       com.fasterxml.jackson.databind.util.internal.PrivateMaxEntriesMap$Node::setPrevious (6 bytes)
Event: 7.009 Thread 0x0000017fb4922850 nmethod 5022 0x0000017fa505e210 code [0x0000017fa505e3a0, 0x0000017fa505e4b8]
Event: 7.012 Thread 0x0000017fb4922850 5023       3       org.apache.tomcat.util.buf.AbstractChunk::getLength (10 bytes)
Event: 7.012 Thread 0x0000017fb4922850 nmethod 5023 0x0000017f9d557990 code [0x0000017f9d557b20, 0x0000017f9d557c38]
Event: 7.012 Thread 0x0000017fb4922850 5024       1       org.apache.tomcat.util.buf.ByteChunk::getBuffer (5 bytes)
Event: 7.012 Thread 0x0000017fb4922850 nmethod 5024 0x0000017fa4eddb10 code [0x0000017fa4eddca0, 0x0000017fa4eddd78]
Event: 7.012 Thread 0x0000017fb4922850 5025       3       org.apache.tomcat.util.buf.AbstractChunk::recycle (21 bytes)
Event: 7.012 Thread 0x0000017fb4922850 nmethod 5025 0x0000017f9d5a3c10 code [0x0000017f9d5a3da0, 0x0000017f9d5a3eb8]
Event: 7.013 Thread 0x0000017fb4922850 5026       3       org.apache.tomcat.util.buf.ByteChunk::recycle (10 bytes)
Event: 7.013 Thread 0x0000017fb4922850 nmethod 5026 0x0000017f9dad8f10 code [0x0000017f9dad90a0, 0x0000017f9dad9258]

GC Heap History (20 events):
Event: 1.426 GC heap before
{Heap before GC invocations=6 (full 0):
 garbage-first heap   total 37888K, used 26477K [0x0000000082e00000, 0x0000000100000000)
  region size 1024K, 16 young (16384K), 1 survivors (1024K)
 Metaspace       used 26493K, committed 26752K, reserved 1073152K
  class space    used 3138K, committed 3264K, reserved 1048576K
}
Event: 1.428 GC heap after
{Heap after GC invocations=7 (full 0):
 garbage-first heap   total 37888K, used 11626K [0x0000000082e00000, 0x0000000100000000)
  region size 1024K, 2 young (2048K), 2 survivors (2048K)
 Metaspace       used 26493K, committed 26752K, reserved 1073152K
  class space    used 3138K, committed 3264K, reserved 1048576K
}
Event: 1.687 GC heap before
{Heap before GC invocations=7 (full 0):
 garbage-first heap   total 37888K, used 26986K [0x0000000082e00000, 0x0000000100000000)
  region size 1024K, 17 young (17408K), 2 survivors (2048K)
 Metaspace       used 29386K, committed 29760K, reserved 1081344K
  class space    used 3564K, committed 3776K, reserved 1048576K
}
Event: 1.690 GC heap after
{Heap after GC invocations=8 (full 0):
 garbage-first heap   total 37888K, used 13334K [0x0000000082e00000, 0x0000000100000000)
  region size 1024K, 3 young (3072K), 3 survivors (3072K)
 Metaspace       used 29386K, committed 29760K, reserved 1081344K
  class space    used 3564K, committed 3776K, reserved 1048576K
}
Event: 1.980 GC heap before
{Heap before GC invocations=8 (full 0):
 garbage-first heap   total 37888K, used 27670K [0x0000000082e00000, 0x0000000100000000)
  region size 1024K, 17 young (17408K), 3 survivors (3072K)
 Metaspace       used 33105K, committed 33472K, reserved 1081344K
  class space    used 4021K, committed 4224K, reserved 1048576K
}
Event: 1.988 GC heap after
{Heap after GC invocations=9 (full 0):
 garbage-first heap   total 71680K, used 15144K [0x0000000082e00000, 0x0000000100000000)
  region size 1024K, 2 young (2048K), 2 survivors (2048K)
 Metaspace       used 33105K, committed 33472K, reserved 1081344K
  class space    used 4021K, committed 4224K, reserved 1048576K
}
Event: 2.181 GC heap before
{Heap before GC invocations=9 (full 0):
 garbage-first heap   total 71680K, used 26408K [0x0000000082e00000, 0x0000000100000000)
  region size 1024K, 14 young (14336K), 2 survivors (2048K)
 Metaspace       used 35579K, committed 35968K, reserved 1081344K
  class space    used 4322K, committed 4480K, reserved 1048576K
}
Event: 2.186 GC heap after
{Heap after GC invocations=10 (full 0):
 garbage-first heap   total 71680K, used 16179K [0x0000000082e00000, 0x0000000100000000)
  region size 1024K, 3 young (3072K), 3 survivors (3072K)
 Metaspace       used 35579K, committed 35968K, reserved 1081344K
  class space    used 4322K, committed 4480K, reserved 1048576K
}
Event: 2.722 GC heap before
{Heap before GC invocations=11 (full 0):
 garbage-first heap   total 58368K, used 47923K [0x0000000082e00000, 0x0000000100000000)
  region size 1024K, 34 young (34816K), 3 survivors (3072K)
 Metaspace       used 42926K, committed 43456K, reserved 1089536K
  class space    used 5243K, committed 5504K, reserved 1048576K
}
Event: 2.726 GC heap after
{Heap after GC invocations=12 (full 0):
 garbage-first heap   total 58368K, used 17929K [0x0000000082e00000, 0x0000000100000000)
  region size 1024K, 3 young (3072K), 3 survivors (3072K)
 Metaspace       used 42926K, committed 43456K, reserved 1089536K
  class space    used 5243K, committed 5504K, reserved 1048576K
}
Event: 3.136 GC heap before
{Heap before GC invocations=12 (full 0):
 garbage-first heap   total 58368K, used 44553K [0x0000000082e00000, 0x0000000100000000)
  region size 1024K, 29 young (29696K), 3 survivors (3072K)
 Metaspace       used 49397K, committed 49856K, reserved 1097728K
  class space    used 6253K, committed 6464K, reserved 1048576K
}
Event: 3.138 GC heap after
{Heap after GC invocations=13 (full 0):
 garbage-first heap   total 58368K, used 19414K [0x0000000082e00000, 0x0000000100000000)
  region size 1024K, 4 young (4096K), 4 survivors (4096K)
 Metaspace       used 49397K, committed 49856K, reserved 1097728K
  class space    used 6253K, committed 6464K, reserved 1048576K
}
Event: 3.533 GC heap before
{Heap before GC invocations=13 (full 0):
 garbage-first heap   total 58368K, used 42966K [0x0000000082e00000, 0x0000000100000000)
  region size 1024K, 28 young (28672K), 4 survivors (4096K)
 Metaspace       used 56158K, committed 56640K, reserved 1097728K
  class space    used 7349K, committed 7552K, reserved 1048576K
}
Event: 3.537 GC heap after
{Heap after GC invocations=14 (full 0):
 garbage-first heap   total 58368K, used 20606K [0x0000000082e00000, 0x0000000100000000)
  region size 1024K, 3 young (3072K), 3 survivors (3072K)
 Metaspace       used 56158K, committed 56640K, reserved 1097728K
  class space    used 7349K, committed 7552K, reserved 1048576K
}
Event: 3.810 GC heap before
{Heap before GC invocations=14 (full 0):
 garbage-first heap   total 58368K, used 38014K [0x0000000082e00000, 0x0000000100000000)
  region size 1024K, 22 young (22528K), 3 survivors (3072K)
 Metaspace       used 60033K, committed 60416K, reserved 1105920K
  class space    used 7873K, committed 8064K, reserved 1048576K
}
Event: 3.813 GC heap after
{Heap after GC invocations=15 (full 0):
 garbage-first heap   total 58368K, used 21754K [0x0000000082e00000, 0x0000000100000000)
  region size 1024K, 3 young (3072K), 3 survivors (3072K)
 Metaspace       used 60033K, committed 60416K, reserved 1105920K
  class space    used 7873K, committed 8064K, reserved 1048576K
}
Event: 4.116 GC heap before
{Heap before GC invocations=16 (full 0):
 garbage-first heap   total 58368K, used 45306K [0x0000000082e00000, 0x0000000100000000)
  region size 1024K, 26 young (26624K), 3 survivors (3072K)
 Metaspace       used 62598K, committed 63040K, reserved 1105920K
  class space    used 8308K, committed 8512K, reserved 1048576K
}
Event: 4.120 GC heap after
{Heap after GC invocations=17 (full 0):
 garbage-first heap   total 58368K, used 23747K [0x0000000082e00000, 0x0000000100000000)
  region size 1024K, 4 young (4096K), 4 survivors (4096K)
 Metaspace       used 62598K, committed 63040K, reserved 1105920K
  class space    used 8308K, committed 8512K, reserved 1048576K
}
Event: 6.805 GC heap before
{Heap before GC invocations=17 (full 0):
 garbage-first heap   total 58368K, used 45251K [0x0000000082e00000, 0x0000000100000000)
  region size 1024K, 25 young (25600K), 4 survivors (4096K)
 Metaspace       used 66461K, committed 66880K, reserved 1114112K
  class space    used 8829K, committed 9024K, reserved 1048576K
}
Event: 6.809 GC heap after
{Heap after GC invocations=18 (full 0):
 garbage-first heap   total 70656K, used 26443K [0x0000000082e00000, 0x0000000100000000)
  region size 1024K, 4 young (4096K), 4 survivors (4096K)
 Metaspace       used 66461K, committed 66880K, reserved 1114112K
  class space    used 8829K, committed 9024K, reserved 1048576K
}

Dll operation events (9 events):
Event: 0.011 Loaded shared library C:\Users\alexandre.osovski\.vscode\extensions\redhat.java-1.15.0-win32-x64\jre\17.0.6-win32-x86_64\bin\java.dll
Event: 0.119 Loaded shared library C:\Users\alexandre.osovski\.vscode\extensions\redhat.java-1.15.0-win32-x64\jre\17.0.6-win32-x86_64\bin\net.dll
Event: 0.122 Loaded shared library C:\Users\alexandre.osovski\.vscode\extensions\redhat.java-1.15.0-win32-x64\jre\17.0.6-win32-x86_64\bin\nio.dll
Event: 0.127 Loaded shared library C:\Users\alexandre.osovski\.vscode\extensions\redhat.java-1.15.0-win32-x64\jre\17.0.6-win32-x86_64\bin\zip.dll
Event: 0.239 Loaded shared library C:\Users\alexandre.osovski\.vscode\extensions\redhat.java-1.15.0-win32-x64\jre\17.0.6-win32-x86_64\bin\jimage.dll
Event: 0.748 Loaded shared library C:\Users\alexandre.osovski\.vscode\extensions\redhat.java-1.15.0-win32-x64\jre\17.0.6-win32-x86_64\bin\verify.dll
Event: 2.017 Loaded shared library C:\Users\alexandre.osovski\.vscode\extensions\redhat.java-1.15.0-win32-x64\jre\17.0.6-win32-x86_64\bin\sunmscapi.dll
Event: 2.032 Loaded shared library C:\Users\alexandre.osovski\.vscode\extensions\redhat.java-1.15.0-win32-x64\jre\17.0.6-win32-x86_64\bin\management.dll
Event: 2.036 Loaded shared library C:\Users\alexandre.osovski\.vscode\extensions\redhat.java-1.15.0-win32-x64\jre\17.0.6-win32-x86_64\bin\management_ext.dll

Deoptimization events (20 events):
Event: 7.001 Thread 0x0000017fb5c93ef0 DEOPT PACKING pc=0x0000017fa50ce0b8 sp=0x0000005614afc6a0
Event: 7.002 Thread 0x0000017fb5c93ef0 DEOPT UNPACKING pc=0x0000017fa49769a3 sp=0x0000005614afc5b0 mode 2
Event: 7.002 Thread 0x0000017fb5c96570 DEOPT PACKING pc=0x0000017fa50ce0b8 sp=0x00000056149fca10
Event: 7.002 Thread 0x0000017fb5c96570 DEOPT UNPACKING pc=0x0000017fa49769a3 sp=0x00000056149fc920 mode 2
Event: 7.002 Thread 0x0000017fb5c93ef0 Uncommon trap: trap_request=0xffffff45 fr.pc=0x0000017fa512c6bc relative=0x0000000000000ddc
Event: 7.002 Thread 0x0000017fb5c96570 Uncommon trap: trap_request=0xffffff45 fr.pc=0x0000017fa512c6bc relative=0x0000000000000ddc
Event: 7.002 Thread 0x0000017fb5c93ef0 Uncommon trap: reason=unstable_if action=reinterpret pc=0x0000017fa512c6bc method=java.util.HashMap.putVal(ILjava/lang/Object;Ljava/lang/Object;ZZ)Ljava/lang/Object; @ 94 c2
Event: 7.002 Thread 0x0000017fb5c96570 Uncommon trap: reason=unstable_if action=reinterpret pc=0x0000017fa512c6bc method=java.util.HashMap.putVal(ILjava/lang/Object;Ljava/lang/Object;ZZ)Ljava/lang/Object; @ 94 c2
Event: 7.002 Thread 0x0000017fb5c93ef0 DEOPT PACKING pc=0x0000017fa512c6bc sp=0x0000005614afc5c0
Event: 7.002 Thread 0x0000017fb5c93ef0 DEOPT UNPACKING pc=0x0000017fa49769a3 sp=0x0000005614afc558 mode 2
Event: 7.002 Thread 0x0000017fb5c96570 DEOPT PACKING pc=0x0000017fa512c6bc sp=0x00000056149fc930
Event: 7.002 Thread 0x0000017fb5c96570 DEOPT UNPACKING pc=0x0000017fa49769a3 sp=0x00000056149fc8c8 mode 2
Event: 7.004 Thread 0x0000017fb5c96570 Uncommon trap: trap_request=0xffffff45 fr.pc=0x0000017fa4f09a7c relative=0x0000000000000e7c
Event: 7.004 Thread 0x0000017fb5c96570 Uncommon trap: reason=unstable_if action=reinterpret pc=0x0000017fa4f09a7c method=java.lang.reflect.Executable.declaredAnnotations()Ljava/util/Map; @ 19 c2
Event: 7.004 Thread 0x0000017fb5c96570 DEOPT PACKING pc=0x0000017fa4f09a7c sp=0x00000056149fc7a0
Event: 7.004 Thread 0x0000017fb5c96570 DEOPT UNPACKING pc=0x0000017fa49769a3 sp=0x00000056149fc728 mode 2
Event: 7.005 Thread 0x0000017fb5c93ef0 Uncommon trap: trap_request=0xffffff45 fr.pc=0x0000017fa4ef2d6c relative=0x000000000000120c
Event: 7.005 Thread 0x0000017fb5c93ef0 Uncommon trap: reason=unstable_if action=reinterpret pc=0x0000017fa4ef2d6c method=java.lang.reflect.Executable.declaredAnnotations()Ljava/util/Map; @ 19 c2
Event: 7.005 Thread 0x0000017fb5c93ef0 DEOPT PACKING pc=0x0000017fa4ef2d6c sp=0x0000005614afc500
Event: 7.005 Thread 0x0000017fb5c93ef0 DEOPT UNPACKING pc=0x0000017fa49769a3 sp=0x0000005614afc3d0 mode 2

Classes unloaded (0 events):
No events

Classes redefined (0 events):
No events

Internal exceptions (20 events):
Event: 3.675 Thread 0x0000017f98da5730 Exception <a 'java/lang/NoSuchMethodError'{0x0000000085ef59a0}: 'java.lang.Object java.lang.invoke.DirectMethodHandle$Holder.newInvokeSpecial(java.lang.Object, java.lang.Object, java.lang.Object, java.lang.Object, java.lang.Object, java.lang.Object, java.lang.Object, java.lang.Object)'> (0x0000000085ef59a0) 
thrown [s\src\hotspot\share\interpreter\linkResolver.cpp, line 759]
Event: 3.675 Thread 0x0000017f98da5730 Exception <a 'java/lang/NoSuchMethodError'{0x0000000085efa6a8}: 'java.lang.Object java.lang.invoke.Invokers$Holder.linkToTargetMethod(java.lang.Object, java.lang.Object, java.lang.Object, java.lang.Object, java.lang.Object, java.lang.Object, java.lang.Object, java.lang.Object)'> (0x0000000085efa6a8) 
thrown [s\src\hotspot\share\interpreter\linkResolver.cpp, line 759]
Event: 3.680 Thread 0x0000017f98da5730 Exception <a 'java/lang/NoSuchMethodError'{0x0000000085d453d8}: 'void java.lang.invoke.DirectMethodHandle$Holder.invokeInterface(java.lang.Object, java.lang.Object)'> (0x0000000085d453d8) 
thrown [s\src\hotspot\share\interpreter\linkResolver.cpp, line 759]
Event: 3.762 Thread 0x0000017f98da5730 Exception <a 'java/lang/IncompatibleClassChangeError'{0x0000000085721d28}: Found class java.lang.Object, but interface was expected> (0x0000000085721d28) 
thrown [s\src\hotspot\share\interpreter\linkResolver.cpp, line 826]
Event: 3.782 Thread 0x0000017f98da5730 Exception <a 'java/lang/IncompatibleClassChangeError'{0x00000000856987e0}: Found class java.lang.Object, but interface was expected> (0x00000000856987e0) 
thrown [s\src\hotspot\share\interpreter\linkResolver.cpp, line 826]
Event: 3.888 Thread 0x0000017f98da5730 Exception <a 'java/lang/IncompatibleClassChangeError'{0x00000000862a9f68}: Found class java.lang.Object, but interface was expected> (0x00000000862a9f68) 
thrown [s\src\hotspot\share\interpreter\linkResolver.cpp, line 826]
Event: 4.022 Thread 0x0000017f98da5730 Exception <a 'java/lang/IncompatibleClassChangeError'{0x00000000857ceb30}: Found class java.lang.Object, but interface was expected> (0x00000000857ceb30) 
thrown [s\src\hotspot\share\interpreter\linkResolver.cpp, line 826]
Event: 4.042 Thread 0x0000017f98da5730 Exception <a 'java/lang/NoSuchMethodError'{0x00000000855ce898}: 'void java.lang.invoke.DirectMethodHandle$Holder.invokeVirtual(java.lang.Object, java.lang.Object, int)'> (0x00000000855ce898) 
thrown [s\src\hotspot\share\interpreter\linkResolver.cpp, line 759]
Event: 4.044 Thread 0x0000017f98da5730 Exception <a 'java/lang/NoSuchMethodError'{0x00000000855e96b8}: 'void java.lang.invoke.DirectMethodHandle$Holder.invokeVirtual(java.lang.Object, java.lang.Object, long)'> (0x00000000855e96b8) 
thrown [s\src\hotspot\share\interpreter\linkResolver.cpp, line 759]
Event: 4.127 Thread 0x0000017f98da5730 Exception <a 'java/lang/IncompatibleClassChangeError'{0x000000008ab93e18}: Found class java.lang.Object, but interface was expected> (0x000000008ab93e18) 
thrown [s\src\hotspot\share\interpreter\linkResolver.cpp, line 826]
Event: 4.148 Thread 0x0000017f98da5730 Exception <a 'java/lang/NoSuchMethodError'{0x000000008660c1a8}: 'int java.lang.invoke.DirectMethodHandle$Holder.invokeStaticInit(java.lang.Object, java.lang.Object, java.lang.Object, java.lang.Object)'> (0x000000008660c1a8) 
thrown [s\src\hotspot\share\interpreter\linkResolver.cpp, line 759]
Event: 4.187 Thread 0x0000017f98da5730 Implicit null exception at 0x0000017fa4fc5fe0 to 0x0000017fa4fc6220
Event: 4.218 Thread 0x0000017f98da5730 Exception <a 'java/lang/NoSuchMethodError'{0x0000000085e30798}: 'java.lang.Object java.lang.invoke.DirectMethodHandle$Holder.newInvokeSpecial(java.lang.Object, java.lang.Object, int, java.lang.Object, java.lang.Object)'> (0x0000000085e30798) 
thrown [s\src\hotspot\share\interpreter\linkResolver.cpp, line 759]
Event: 4.218 Thread 0x0000017f98da5730 Exception <a 'java/lang/NoSuchMethodError'{0x0000000085e3be10}: 'java.lang.Object java.lang.invoke.DirectMethodHandle$Holder.invokeSpecial(java.lang.Object, java.lang.Object, int, java.lang.Object, int, java.lang.Object)'> (0x0000000085e3be10) 
thrown [s\src\hotspot\share\interpreter\linkResolver.cpp, line 759]
Event: 4.219 Thread 0x0000017f98da5730 Exception <a 'java/lang/NoSuchMethodError'{0x0000000085e43c18}: 'java.lang.Object java.lang.invoke.DirectMethodHandle$Holder.newInvokeSpecial(java.lang.Object, java.lang.Object, int, java.lang.Object, int)'> (0x0000000085e43c18) 
thrown [s\src\hotspot\share\interpreter\linkResolver.cpp, line 759]
Event: 4.219 Thread 0x0000017f98da5730 Exception <a 'java/lang/NoSuchMethodError'{0x0000000085e47d18}: 'java.lang.Object java.lang.invoke.DirectMethodHandle$Holder.invokeSpecial(java.lang.Object, java.lang.Object, java.lang.Object, int, java.lang.Object, int)'> (0x0000000085e47d18) 
thrown [s\src\hotspot\share\interpreter\linkResolver.cpp, line 759]
Event: 6.632 Thread 0x0000017fb5c95700 Exception <a 'java/lang/NoSuchMethodError'{0x0000000085a2d750}: 'java.lang.Object java.lang.invoke.DirectMethodHandle$Holder.invokeSpecial(java.lang.Object, java.lang.Object, java.lang.Object, java.lang.Object, java.lang.Object, long)'> (0x0000000085a2d750) 
thrown [s\src\hotspot\share\interpreter\linkResolver.cpp, line 759]
Event: 6.632 Thread 0x0000017fb5c95700 Exception <a 'java/lang/NoSuchMethodError'{0x0000000085a31190}: 'java.lang.Object java.lang.invoke.Invokers$Holder.linkToTargetMethod(java.lang.Object, java.lang.Object, java.lang.Object, long, java.lang.Object)'> (0x0000000085a31190) 
thrown [s\src\hotspot\share\interpreter\linkResolver.cpp, line 759]
Event: 6.941 Thread 0x0000017fb5c93ef0 Exception <a 'java/lang/NoSuchMethodError'{0x0000000086d0caa0}: 'java.lang.Object java.lang.invoke.DirectMethodHandle$Holder.invokeStatic(java.lang.Object, int, int)'> (0x0000000086d0caa0) 
thrown [s\src\hotspot\share\interpreter\linkResolver.cpp, line 759]
Event: 6.941 Thread 0x0000017fb5c96570 Exception <a 'java/lang/NoSuchMethodError'{0x0000000086d1dd68}: 'java.lang.Object java.lang.invoke.DirectMethodHandle$Holder.invokeStatic(java.lang.Object, int, int)'> (0x0000000086d1dd68) 
thrown [s\src\hotspot\share\interpreter\linkResolver.cpp, line 759]

VM Operations (20 events):
Event: 5.121 Executing VM operation: Cleanup
Event: 5.121 Executing VM operation: Cleanup done
Event: 6.641 Executing VM operation: HandshakeAllThreads
Event: 6.641 Executing VM operation: HandshakeAllThreads done
Event: 6.641 Executing VM operation: Cleanup
Event: 6.642 Executing VM operation: Cleanup done
Event: 6.686 Executing VM operation: HandshakeAllThreads
Event: 6.686 Executing VM operation: HandshakeAllThreads done
Event: 6.686 Executing VM operation: HandshakeAllThreads
Event: 6.687 Executing VM operation: HandshakeAllThreads done
Event: 6.690 Executing VM operation: HandshakeAllThreads
Event: 6.690 Executing VM operation: HandshakeAllThreads done
Event: 6.699 Executing VM operation: HandshakeAllThreads
Event: 6.699 Executing VM operation: HandshakeAllThreads done
Event: 6.699 Executing VM operation: HandshakeAllThreads
Event: 6.699 Executing VM operation: HandshakeAllThreads done
Event: 6.719 Executing VM operation: HandshakeAllThreads
Event: 6.719 Executing VM operation: HandshakeAllThreads done
Event: 6.805 Executing VM operation: G1CollectForAllocation
Event: 6.809 Executing VM operation: G1CollectForAllocation done

Events (20 events):
Event: 6.724 Thread 0x0000017fb4925c70 flushing nmethod 0x0000017f9dd36110
Event: 6.724 Thread 0x0000017fb4925c70 flushing nmethod 0x0000017f9dd36790
Event: 6.766 loading class java/util/EnumMap$EntryIterator$Entry
Event: 6.766 loading class java/util/EnumMap$EntryIterator$Entry done
Event: 6.940 loading class java/util/concurrent/locks/ReentrantReadWriteLock$Sync$HoldCounter
Event: 6.940 loading class java/util/concurrent/locks/ReentrantReadWriteLock$Sync$HoldCounter done
Event: 6.941 loading class java/util/ArrayList$SubList$2
Event: 6.941 loading class java/util/ArrayList$SubList$2 done
Event: 6.960 loading class java/time/format/DateTimeFormatterBuilder$ZoneTextPrinterParser
Event: 6.960 loading class java/time/format/DateTimeFormatterBuilder$ZoneTextPrinterParser done
Event: 6.960 loading class java/time/format/DateTimeFormatterBuilder$ReducedPrinterParser
Event: 6.960 loading class java/time/format/DateTimeFormatterBuilder$ReducedPrinterParser done
Event: 6.966 loading class java/util/OptionalLong
Event: 6.966 loading class java/util/OptionalLong done
Event: 6.966 loading class java/util/OptionalDouble
Event: 6.966 loading class java/util/OptionalDouble done
Event: 6.993 loading class java/util/stream/LongStream
Event: 6.993 loading class java/util/stream/LongStream done
Event: 6.993 loading class java/util/stream/DoubleStream
Event: 6.994 loading class java/util/stream/DoubleStream done


Dynamic libraries:
0x00007ff7b8810000 - 0x00007ff7b881e000 	C:\Users\alexandre.osovski\.vscode\extensions\redhat.java-1.15.0-win32-x64\jre\17.0.6-win32-x86_64\bin\java.exe
0x00007ff8ba2f0000 - 0x00007ff8ba4e8000 	C:\Windows\SYSTEM32\ntdll.dll
0x00007ff8b8e60000 - 0x00007ff8b8f1f000 	C:\Windows\System32\KERNEL32.dll
0x00007ff8b76e0000 - 0x00007ff8b77e1000 	C:\Windows\system32\hmpalert.dll
0x00007ff8b7bc0000 - 0x00007ff8b7e92000 	C:\Windows\System32\KERNELBASE.dll
0x00007ff8b8080000 - 0x00007ff8b8180000 	C:\Windows\System32\ucrtbase.dll
0x00007ff8a8af0000 - 0x00007ff8a8b07000 	C:\Users\alexandre.osovski\.vscode\extensions\redhat.java-1.15.0-win32-x64\jre\17.0.6-win32-x86_64\bin\jli.dll
0x00007ff8a73b0000 - 0x00007ff8a73c9000 	C:\Users\alexandre.osovski\.vscode\extensions\redhat.java-1.15.0-win32-x64\jre\17.0.6-win32-x86_64\bin\VCRUNTIME140.dll
0x00007ff8b91e0000 - 0x00007ff8b9381000 	C:\Windows\System32\USER32.dll
0x00007ff8b79e0000 - 0x00007ff8b7a02000 	C:\Windows\System32\win32u.dll
0x00007ff8b9490000 - 0x00007ff8b94bb000 	C:\Windows\System32\GDI32.dll
0x00007ff8b8220000 - 0x00007ff8b832f000 	C:\Windows\System32\gdi32full.dll
0x00007ff8b8180000 - 0x00007ff8b821d000 	C:\Windows\System32\msvcp_win.dll
0x00007ff8a1940000 - 0x00007ff8a1bda000 	C:\Windows\WinSxS\amd64_microsoft.windows.common-controls_6595b64144ccf1df_6.0.19041.1110_none_60b5254171f9507e\COMCTL32.dll
0x00007ff8b87a0000 - 0x00007ff8b883e000 	C:\Windows\System32\msvcrt.dll
0x00007ff8b94c0000 - 0x00007ff8b94f2000 	C:\Windows\System32\IMM32.DLL
0x00007ff8a8e90000 - 0x00007ff8a8e9c000 	C:\Users\alexandre.osovski\.vscode\extensions\redhat.java-1.15.0-win32-x64\jre\17.0.6-win32-x86_64\bin\vcruntime140_1.dll
0x00007ff88ff10000 - 0x00007ff88ffa1000 	C:\Users\alexandre.osovski\.vscode\extensions\redhat.java-1.15.0-win32-x64\jre\17.0.6-win32-x86_64\bin\msvcp140.dll
0x00007ff87df30000 - 0x00007ff87eb77000 	C:\Users\alexandre.osovski\.vscode\extensions\redhat.java-1.15.0-win32-x64\jre\17.0.6-win32-x86_64\bin\server\jvm.dll
0x00007ff8b83e0000 - 0x00007ff8b848e000 	C:\Windows\System32\ADVAPI32.dll
0x00007ff8b8dc0000 - 0x00007ff8b8e5c000 	C:\Windows\System32\sechost.dll
0x00007ff8b8490000 - 0x00007ff8b85b5000 	C:\Windows\System32\RPCRT4.dll
0x00007ff8a6460000 - 0x00007ff8a6469000 	C:\Windows\SYSTEM32\WSOCK32.dll
0x00007ff8b9390000 - 0x00007ff8b93fb000 	C:\Windows\System32\WS2_32.dll
0x00007ff8a1be0000 - 0x00007ff8a1c07000 	C:\Windows\SYSTEM32\WINMM.dll
0x00007ff8b2c60000 - 0x00007ff8b2c6a000 	C:\Windows\SYSTEM32\VERSION.dll
0x00007ff8b56a0000 - 0x00007ff8b56b2000 	C:\Windows\SYSTEM32\kernel.appcore.dll
0x00007ff8a6450000 - 0x00007ff8a645a000 	C:\Users\alexandre.osovski\.vscode\extensions\redhat.java-1.15.0-win32-x64\jre\17.0.6-win32-x86_64\bin\jimage.dll
0x00007ff8a78e0000 - 0x00007ff8a7ac4000 	C:\Windows\SYSTEM32\DBGHELP.DLL
0x00007ff8a60c0000 - 0x00007ff8a60f5000 	C:\Windows\SYSTEM32\dbgcore.DLL
0x00007ff8b7f10000 - 0x00007ff8b7f92000 	C:\Windows\System32\bcryptPrimitives.dll
0x00007ff89b480000 - 0x00007ff89b4a5000 	C:\Users\alexandre.osovski\.vscode\extensions\redhat.java-1.15.0-win32-x64\jre\17.0.6-win32-x86_64\bin\java.dll
0x00007ff8a6390000 - 0x00007ff8a63a8000 	C:\Users\alexandre.osovski\.vscode\extensions\redhat.java-1.15.0-win32-x64\jre\17.0.6-win32-x86_64\bin\zip.dll
0x00007ff8b9a70000 - 0x00007ff8ba1b5000 	C:\Windows\System32\SHELL32.dll
0x00007ff8b58a0000 - 0x00007ff8b6032000 	C:\Windows\SYSTEM32\windows.storage.dll
0x00007ff8b9500000 - 0x00007ff8b9855000 	C:\Windows\System32\combase.dll
0x00007ff8b72c0000 - 0x00007ff8b72f0000 	C:\Windows\SYSTEM32\Wldp.dll
0x00007ff8b8330000 - 0x00007ff8b83dd000 	C:\Windows\System32\SHCORE.dll
0x00007ff8b98e0000 - 0x00007ff8b9935000 	C:\Windows\System32\shlwapi.dll
0x00007ff8b7920000 - 0x00007ff8b793f000 	C:\Windows\SYSTEM32\profapi.dll
0x00007ff8a6100000 - 0x00007ff8a6119000 	C:\Users\alexandre.osovski\.vscode\extensions\redhat.java-1.15.0-win32-x64\jre\17.0.6-win32-x86_64\bin\net.dll
0x00007ff8b6850000 - 0x00007ff8b695c000 	C:\Windows\SYSTEM32\WINHTTP.dll
0x00007ff8b6fb0000 - 0x00007ff8b701a000 	C:\Windows\system32\mswsock.dll
0x00007ff8a58c0000 - 0x00007ff8a58d5000 	C:\Users\alexandre.osovski\.vscode\extensions\redhat.java-1.15.0-win32-x64\jre\17.0.6-win32-x86_64\bin\nio.dll
0x00007ff8a6280000 - 0x00007ff8a6290000 	C:\Users\alexandre.osovski\.vscode\extensions\redhat.java-1.15.0-win32-x64\jre\17.0.6-win32-x86_64\bin\verify.dll
0x00007ff8b71a0000 - 0x00007ff8b71b8000 	C:\Windows\SYSTEM32\CRYPTSP.dll
0x00007ff8b67c0000 - 0x00007ff8b67f4000 	C:\Windows\system32\rsaenh.dll
0x00007ff8b7fa0000 - 0x00007ff8b7fc7000 	C:\Windows\System32\bcrypt.dll
0x00007ff8b78e0000 - 0x00007ff8b790e000 	C:\Windows\SYSTEM32\USERENV.dll
0x00007ff8b71c0000 - 0x00007ff8b71cc000 	C:\Windows\SYSTEM32\CRYPTBASE.dll
0x00007ff8b6ca0000 - 0x00007ff8b6cdb000 	C:\Windows\SYSTEM32\IPHLPAPI.DLL
0x00007ff8b8f20000 - 0x00007ff8b8f28000 	C:\Windows\System32\NSI.dll
0x00007ff8b3070000 - 0x00007ff8b3087000 	C:\Windows\SYSTEM32\dhcpcsvc6.DLL
0x00007ff8b2f20000 - 0x00007ff8b2f3d000 	C:\Windows\SYSTEM32\dhcpcsvc.DLL
0x00007ff8b6cf0000 - 0x00007ff8b6dbb000 	C:\Windows\SYSTEM32\DNSAPI.dll
0x00007ff8b44d0000 - 0x00007ff8b44de000 	C:\Users\alexandre.osovski\.vscode\extensions\redhat.java-1.15.0-win32-x64\jre\17.0.6-win32-x86_64\bin\sunmscapi.dll
0x00007ff8b7a60000 - 0x00007ff8b7bb6000 	C:\Windows\System32\CRYPT32.dll
0x00007ff8b7330000 - 0x00007ff8b7357000 	C:\Windows\SYSTEM32\ncrypt.dll
0x00007ff8b72f0000 - 0x00007ff8b732b000 	C:\Windows\SYSTEM32\NTASN1.dll
0x00007ff8b43b0000 - 0x00007ff8b43b9000 	C:\Users\alexandre.osovski\.vscode\extensions\redhat.java-1.15.0-win32-x64\jre\17.0.6-win32-x86_64\bin\management.dll
0x00007ff8b43a0000 - 0x00007ff8b43ab000 	C:\Users\alexandre.osovski\.vscode\extensions\redhat.java-1.15.0-win32-x64\jre\17.0.6-win32-x86_64\bin\management_ext.dll
0x00007ff8ba2a0000 - 0x00007ff8ba2a8000 	C:\Windows\System32\PSAPI.DLL
0x00007ff8b4390000 - 0x00007ff8b4397000 	C:\Windows\system32\wshunix.dll

dbghelp: loaded successfully - version: 4.0.5 - missing functions: none
symbol engine: initialized successfully - sym options: 0x614 - pdb path: .;C:\Users\alexandre.osovski\.vscode\extensions\redhat.java-1.15.0-win32-x64\jre\17.0.6-win32-x86_64\bin;C:\Windows\SYSTEM32;C:\Windows\WinSxS\amd64_microsoft.windows.common-controls_6595b64144ccf1df_6.0.19041.1110_none_60b5254171f9507e;C:\Users\alexandre.osovski\.vscode\extensions\redhat.java-1.15.0-win32-x64\jre\17.0.6-win32-x86_64\bin\server

VM Arguments:
jvm_args: -XX:+ShowCodeDetailsInExceptionMessages 
java_command: infinity_springboot.demo.DemoApplication
java_class_path (initial): C:\Users\alexandre.osovski\Documents\infinitycode_springboot\infinitycode_springboot\target\classes;C:\Users\alexandre.osovski\.m2\repository\org\springframework\boot\spring-boot-starter-thymeleaf\3.0.1\spring-boot-starter-thymeleaf-3.0.1.jar;C:\Users\alexandre.osovski\.m2\repository\org\springframework\boot\spring-boot-starter\3.0.1\spring-boot-starter-3.0.1.jar;C:\Users\alexandre.osovski\.m2\repository\org\springframework\boot\spring-boot\3.0.1\spring-boot-3.0.1.jar;C:\Users\alexandre.osovski\.m2\repository\org\springframework\boot\spring-boot-autoconfigure\3.0.1\spring-boot-autoconfigure-3.0.1.jar;C:\Users\alexandre.osovski\.m2\repository\org\springframework\boot\spring-boot-starter-logging\3.0.1\spring-boot-starter-logging-3.0.1.jar;C:\Users\alexandre.osovski\.m2\repository\ch\qos\logback\logback-classic\1.4.5\logback-classic-1.4.5.jar;C:\Users\alexandre.osovski\.m2\repository\ch\qos\logback\logback-core\1.4.5\logback-core-1.4.5.jar;C:\Users\alexandre.osovski\.m2\repository\org\apache\logging\log4j\log4j-to-slf4j\2.19.0\log4j-to-slf4j-2.19.0.jar;C:\Users\alexandre.osovski\.m2\repository\org\apache\logging\log4j\log4j-api\2.19.0\log4j-api-2.19.0.jar;C:\Users\alexandre.osovski\.m2\repository\org\slf4j\jul-to-slf4j\2.0.6\jul-to-slf4j-2.0.6.jar;C:\Users\alexandre.osovski\.m2\repository\jakarta\annotation\jakarta.annotation-api\2.1.1\jakarta.annotation-api-2.1.1.jar;C:\Users\alexandre.osovski\.m2\repository\org\yaml\snakeyaml\1.33\snakeyaml-1.33.jar;C:\Users\alexandre.osovski\.m2\repository\org\thymeleaf\thymeleaf-spring6\3.1.1.RELEASE\thymeleaf-spring6-3.1.1.RELEASE.jar;C:\Users\alexandre.osovski\.m2\repository\org\thymeleaf\thymeleaf\3.1.1.RELEASE\thymeleaf-3.1.1.RELEASE.jar;C:\Users\alexandre.osovski\.m2\repository\org\attoparser\attoparser\2.0.6.RELEASE\attoparser-2.0.6.RELEASE.jar;C:\Users\alexandre.osovski\.m2\repository\org\unbescape\unbescape\1.1.6.RELEASE\unbescape-1.1.6.RELEASE.jar;C:\Users\alexandre.osovski\.m2\repository\org\s
Launcher Type: SUN_STANDARD

[Global flags]
     intx CICompilerCount                          = 3                                         {product} {ergonomic}
     uint ConcGCThreads                            = 2                                         {product} {ergonomic}
     uint G1ConcRefinementThreads                  = 6                                         {product} {ergonomic}
   size_t G1HeapRegionSize                         = 1048576                                   {product} {ergonomic}
    uintx GCDrainStackTargetSize                   = 64                                        {product} {ergonomic}
   size_t InitialHeapSize                          = 132120576                                 {product} {ergonomic}
   size_t MarkStackSize                            = 4194304                                   {product} {ergonomic}
   size_t MaxHeapSize                              = 2099249152                                {product} {ergonomic}
   size_t MaxNewSize                               = 1259339776                                {product} {ergonomic}
   size_t MinHeapDeltaBytes                        = 1048576                                   {product} {ergonomic}
   size_t MinHeapSize                              = 8388608                                   {product} {ergonomic}
    uintx NonNMethodCodeHeapSize                   = 5832780                                {pd product} {ergonomic}
    uintx NonProfiledCodeHeapSize                  = 122912730                              {pd product} {ergonomic}
    uintx ProfiledCodeHeapSize                     = 122912730                              {pd product} {ergonomic}
    uintx ReservedCodeCacheSize                    = 251658240                              {pd product} {ergonomic}
     bool SegmentedCodeCache                       = true                                      {product} {ergonomic}
     bool ShowCodeDetailsInExceptionMessages       = true                                   {manageable} {command line}
   size_t SoftMaxHeapSize                          = 2099249152                             {manageable} {ergonomic}
     bool UseCompressedClassPointers               = true                           {product lp64_product} {ergonomic}
     bool UseCompressedOops                        = true                           {product lp64_product} {ergonomic}
     bool UseG1GC                                  = true                                      {product} {ergonomic}
     bool UseLargePagesIndividualAllocation        = false                                  {pd product} {ergonomic}

Logging:
Log output configuration:
 #0: stdout all=warning uptime,level,tags
 #1: stderr all=off uptime,level,tags

Environment Variables:
PATH=C:\Program Files\Common Files\Oracle\Java\javapath;C:\Program Files (x86)\Common Files\Oracle\Java\javapath;C:\Windows\system32;C:\Windows;C:\Windows\System32\Wbem;C:\Windows\System32\WindowsPowerShell\v1.0\;C:\Windows\System32\OpenSSH\;C:\Program Files\Git\cmd;C:\Program Files\nodejs\;C:\Program Files\Microsoft VS Code\bin;C:\Program Files (x86)\php;C:\composer;C:\Users\alexandre.osovski\AppData\Local\Microsoft\WindowsApps;C:\Users\alexandre.osovski\AppData\Local\Programs\Microsoft VS Code\bin;C:\Users\alexandre.osovski\AppData\Local\atom\bin
USERNAME=alexandre.osovski
LANG=pt_BR.UTF-8
OS=Windows_NT
PROCESSOR_IDENTIFIER=Intel64 Family 6 Model 158 Stepping 10, GenuineIntel
TMP=C:\Users\ALEXAN~1.OSO\AppData\Local\Temp
TEMP=C:\Users\ALEXAN~1.OSO\AppData\Local\Temp



---------------  S Y S T E M  ---------------

OS:
 Windows 10 , 64 bit Build 19041 (10.0.19041.2546)
OS uptime: 0 days 1:46 hours

CPU: total 6 (initial active 6) (6 cores per cpu, 1 threads per core) family 6 model 158 stepping 10 microcode 0xea, cx8, cmov, fxsr, mmx, 3dnowpref, sse, sse2, sse3, ssse3, sse4.1, sse4.2, popcnt, lzcnt, tsc, tscinvbit, avx, avx2, aes, erms, clmul, bmi1, bmi2, rtm, adx, fma, vzeroupper, clflush, clflushopt

Memory: 4k page, system-wide physical 8001M (813M free)
TotalPageFile size 8001M (AvailPageFile size 4M)
current process WorkingSet (physical memory assigned to process): 237M, peak: 254M
current process commit charge ("private bytes"): 274M, peak: 285M

vm_info: OpenJDK 64-Bit Server VM (17.0.6+10) for windows-amd64 JRE (17.0.6+10), built on Jan 18 2023 10:08:59 by "temurin" with MS VC++ 16.7 (VS2019)

END.
